2025-01-16 14:04:05 [main] INFO : [TestNG] Running:
  /Users/emilianogonzalezbadillo/IdeaProjects/ResumeBuilderQA/src/test/resources/suites/regressionRunner.xml

2025-01-16 15:13:46 [main] INFO : Starting test: validateLoginCredetianls
2025-01-16 15:13:47 [main] INFO : Action completed 
2025-01-16 15:13:47 [main] INFO : Validate: validateLoginCredetianls
2025-01-16 15:14:32 [main] INFO : Starting test: validateLoginCredetianls
2025-01-16 15:14:33 [main] INFO : Action completed 
2025-01-16 15:14:33 [main] INFO : Validate: validateLoginCredetianls
2025-01-16 15:15:35 [main] INFO : Starting test: validateLoginCredetianls
2025-01-16 15:15:36 [main] INFO : Action completed 
2025-01-16 15:15:36 [main] INFO : Validate: validateLoginCredetianls
2025-01-16 15:16:05 [main] INFO : Starting test: validateLoginCredetianls
2025-01-16 15:16:07 [main] INFO : Action completed 
2025-01-16 15:16:07 [main] INFO : Validate: validateLoginCredetianls
2025-01-16 15:16:39 [main] INFO : Starting test: validateLoginCredetianls
2025-01-16 15:16:40 [main] INFO : Action completed 
2025-01-16 15:16:40 [main] INFO : Validate: validateLoginCredetianls
2025-01-16 15:18:23 [main] INFO : Starting test: validateLoginCredetianls
2025-01-16 15:18:24 [main] INFO : Action completed 
2025-01-16 15:18:24 [main] INFO : Validate: validateLoginCredetianls
2025-01-30 12:51:48 [main] INFO : Starting test: validateLoginCredetianls
2025-01-30 12:51:49 [main] INFO : Action completed 
2025-01-30 12:51:49 [main] INFO : Validate: validateLoginCredetianls
2025-01-30 12:59:00 [main] INFO : Starting test: validateLoginCredetianls
2025-01-30 12:59:01 [main] INFO : Action completed 
2025-01-30 12:59:01 [main] INFO : Validate: validateLoginCredetianls
2025-01-30 15:03:25 [main] INFO : Starting test: validateLoginCredetianls
2025-01-30 15:03:26 [main] INFO : Action completed 
2025-01-30 15:03:26 [main] INFO : Validate: validateLoginCredetianls
2025-01-30 15:04:16 [main] INFO : Starting test: validateLoginCredetianls
2025-01-30 15:04:16 [main] INFO : Action completed 
2025-01-30 15:04:16 [main] INFO : Validate: validateLoginCredetianls
2025-01-30 15:07:34 [main] INFO : Starting test: validateLoginCredetianls
2025-01-30 15:07:34 [main] INFO : Action completed 
2025-01-30 15:07:34 [main] INFO : Validate: validateLoginCredetianls
2025-02-01 11:58:31 [main] INFO : Starting test: validateLoginCredetianls
2025-02-01 11:58:32 [main] INFO : Action completed 
2025-02-01 11:58:32 [main] INFO : Validate: validateLoginCredetianls
2025-02-05 15:22:52 [main] INFO : Starting test: validateLoginCredetianls
2025-02-05 15:22:53 [main] INFO : Action completed 
2025-02-05 15:22:53 [main] INFO : Validate: validateLoginCredetianls
2025-02-05 17:40:30 [main] INFO : Starting test: updateProfileCorrectly
2025-02-05 17:40:44 [main] INFO : Validate: updateProfileCorrectly
2025-02-05 17:41:05 [main] INFO : Starting test: updateProfileCorrectly
2025-02-05 17:41:18 [main] INFO : Validate: updateProfileCorrectly
2025-02-05 17:47:43 [main] INFO : Starting test: updateProfileCorrectly
2025-02-05 17:48:02 [main] INFO : Validate: updateProfileCorrectly
2025-02-05 17:53:15 [main] INFO : Starting test: updateProfileCorrectly
2025-02-05 17:53:41 [main] INFO : Validate: updateProfileCorrectly
2025-02-13 10:10:59 [main] INFO : Starting test: validateLoginCredetianls
2025-02-13 10:11:00 [main] INFO : Action completed 
2025-02-13 10:11:00 [main] INFO : Validate: validateLoginCredetianls
2025-02-13 10:30:51 [main] INFO : Starting test: validateUserCanLogout
2025-02-13 10:31:13 [main] INFO : Validate: validateUserCanLogout
2025-02-13 11:16:47 [main] INFO : Starting test: validateUserCanLogout
2025-02-13 11:17:08 [main] INFO : Validate: validateUserCanLogout
2025-02-13 11:19:26 [main] INFO : Starting test: validateUserCanLogout
2025-02-13 11:19:49 [main] INFO : Validate: validateUserCanLogout
2025-02-13 11:21:19 [main] INFO : Starting test: validateUserCanLogout
2025-02-13 11:21:41 [main] INFO : Validate: validateUserCanLogout
2025-02-13 11:28:15 [main] INFO : Starting test: validateUserCanLogout
2025-02-13 11:28:47 [main] INFO : Validate: validateUserCanLogout
2025-02-13 11:29:22 [main] INFO : Starting test: validateUserCanLogout
2025-02-13 11:29:54 [main] INFO : Validate: validateUserCanLogout
2025-02-13 11:32:57 [main] INFO : Starting test: validateUserCanLogout
2025-02-13 11:33:18 [main] INFO : Validate: validateUserCanLogout
2025-02-13 11:45:45 [main] INFO : Starting test: validateUserCanLogout
2025-02-13 11:46:06 [main] INFO : Validate: validateUserCanLogout
2025-02-13 11:47:04 [main] INFO : Starting test: validateUserCanLogout
2025-02-13 11:47:26 [main] INFO : Validate: validateUserCanLogout
2025-02-13 11:50:24 [main] INFO : Starting test: validateUserCanLogout
2025-02-13 11:50:56 [main] INFO : Validate: validateUserCanLogout
2025-02-13 11:52:31 [main] INFO : Starting test: validateUserCanLogout
2025-02-13 11:53:03 [main] INFO : Validate: validateUserCanLogout
2025-02-13 11:53:48 [main] INFO : Starting test: validateUserCanLogout
2025-02-13 11:54:09 [main] INFO : Validate: validateUserCanLogout
2025-02-13 12:32:05 [main] INFO : Starting test: validateUserCanCreateAnAccount
2025-02-13 12:32:35 [main] INFO : Starting test: validateUserCanCreateAnAccount
2025-02-13 12:32:38 [main] INFO : Validate: validateUserCanCreateAnAccount
2025-02-13 13:35:45 [main] INFO : Starting test: validateUserCanCreateAnAccount
2025-02-13 13:35:48 [main] INFO : Validate: validateUserCanCreateAnAccount
2025-02-19 19:12:07 [main] INFO : Starting test: validateUserCanCreateAnAccount
2025-02-19 19:12:10 [main] INFO : Validate: validateUserCanCreateAnAccount
2025-02-19 19:28:59 [main] INFO : Starting test: validateUserCanResetPwd
2025-02-19 19:29:11 [main] INFO : Validate: validateUserCanResetPwd
2025-02-19 19:30:14 [main] INFO : Starting test: validateUserCanResetPwd
2025-02-19 19:30:15 [main] INFO : Validate: validateUserCanResetPwd
2025-02-19 19:32:26 [main] INFO : Starting test: validateUserCanResetPwd
2025-02-19 19:32:27 [main] INFO : Validate: validateUserCanResetPwd
2025-02-19 19:52:03 [main] INFO : Starting test: validateUserCanResetPwd
2025-02-19 19:52:55 [main] INFO : Validate: validateUserCanResetPwd
2025-02-19 19:55:07 [main] INFO : Starting test: validateUserCanResetPwd
2025-02-19 19:55:09 [main] INFO : Validate: validateUserCanResetPwd
2025-02-19 19:55:40 [main] INFO : Starting test: validateUserCanResetPwd
2025-02-19 19:55:52 [main] INFO : Validate: validateUserCanResetPwd
2025-02-19 19:56:53 [main] INFO : Starting test: validateUserCanResetPwd
2025-02-19 19:57:04 [main] INFO : Validate: validateUserCanResetPwd
2025-02-19 19:57:45 [main] INFO : Starting test: validateUserCanResetPwd
2025-02-19 19:58:06 [main] INFO : Validate: validateUserCanResetPwd
2025-02-19 19:58:35 [main] INFO : Starting test: validateUserCanResetPwd
2025-02-19 19:58:49 [main] INFO : Validate: validateUserCanResetPwd
2025-02-19 20:02:52 [main] INFO : Starting test: validateUserCanResetPwd
2025-02-19 20:03:04 [main] INFO : Validate: validateUserCanResetPwd
2025-02-19 20:03:57 [main] INFO : Starting test: validateUserCanResetPwd
2025-02-19 20:04:07 [main] INFO : Validate: validateUserCanResetPwd
2025-02-19 20:05:14 [main] INFO : Starting test: validateUserCanResetPwd
2025-02-19 20:05:25 [main] INFO : Validate: validateUserCanResetPwd
2025-02-19 20:12:44 [main] INFO : Starting test: validateUserCanResetPwd
2025-02-19 20:12:51 [main] INFO : Validate: validateUserCanResetPwd
2025-02-19 20:13:31 [main] INFO : Starting test: validateUserCanResetPwd
2025-02-19 20:13:47 [main] INFO : Validate: validateUserCanResetPwd
2025-02-20 12:14:22 [main] INFO : Starting test: validateUserCanCreateAnAccount
2025-02-20 12:14:25 [main] INFO : Validate: validateUserCanCreateAnAccount
2025-02-20 12:14:31 [main] INFO : Starting test: validateUserCanLogout
2025-02-20 12:14:52 [main] INFO : Validate: validateUserCanLogout
2025-02-20 12:14:56 [main] INFO : Starting test: validateUserCanResetPwd
2025-02-20 12:15:14 [main] INFO : Validate: validateUserCanResetPwd
2025-02-20 14:50:17 [main] INFO : Starting test: validateLoginCredetianls
2025-02-20 14:50:19 [main] INFO : Action completed 
2025-02-20 14:50:19 [main] INFO : Validate: validateLoginCredetianls
2025-02-20 14:51:27 [main] INFO : Starting test: updateProfileCorrectly
2025-02-20 14:52:38 [main] INFO : Validate: updateProfileCorrectly
2025-02-27 11:57:20 [main] INFO : Starting test: validateUserCanUpdateExperience
2025-02-27 11:57:25 [main] INFO : Validate: validateUserCanUpdateExperience
2025-02-27 11:58:01 [main] INFO : Starting test: validateUserCanUpdateExperience
2025-02-27 11:58:06 [main] INFO : Validate: validateUserCanUpdateExperience
2025-02-27 12:13:24 [main] INFO : Starting test: validateUserCanUpdateExperience
2025-02-27 12:13:29 [main] INFO : Validate: validateUserCanUpdateExperience
2025-02-27 12:17:05 [main] INFO : Starting test: validateUserCanUpdateExperience
2025-02-27 12:17:09 [main] INFO : Validate: validateUserCanUpdateExperience
2025-02-27 12:23:14 [main] INFO : Starting test: validateUserCanUpdateExperience
2025-02-27 12:23:17 [main] INFO : Validate: validateUserCanUpdateExperience
2025-02-27 12:24:26 [main] INFO : Starting test: validateUserCanUpdateExperience
2025-02-27 12:24:33 [main] INFO : Validate: validateUserCanUpdateExperience
2025-02-27 12:33:23 [main] INFO : Starting test: validateUserCanUpdateExperience
2025-02-27 12:33:33 [main] INFO : Validate: validateUserCanUpdateExperience
2025-02-27 12:35:55 [main] INFO : Starting test: validateUserCanUpdateExperience
2025-02-27 12:36:04 [main] INFO : Validate: validateUserCanUpdateExperience
2025-02-28 11:05:33 [main] INFO : Starting test: validateLoginCredetianls
2025-02-28 11:05:34 [main] INFO : Action completed 
2025-02-28 11:05:34 [main] INFO : Validate: validateLoginCredetianls
2025-02-28 12:03:15 [main] INFO : Starting test: validateUserCanAddCertifications
2025-02-28 12:03:27 [main] INFO : Validate: validateUserCanAddCertifications
2025-02-28 12:05:55 [main] INFO : Starting test: validateUserCanAddCertifications
2025-02-28 12:05:57 [main] INFO : Validate: validateUserCanAddCertifications
2025-02-28 12:08:50 [main] INFO : Starting test: validateUserCanAddCertifications
2025-02-28 12:08:53 [main] INFO : Validate: validateUserCanAddCertifications
2025-02-28 12:28:50 [main] INFO : Starting test: validateUserCanAddCertifications
2025-02-28 12:28:52 [main] INFO : Validate: validateUserCanAddCertifications
2025-02-28 12:29:39 [main] INFO : Starting test: validateUserCanAddCertifications
2025-02-28 12:29:41 [main] INFO : Validate: validateUserCanAddCertifications
2025-02-28 12:29:45 [main] INFO : Starting test: validateUserCanAddEducation
2025-02-28 12:29:49 [main] INFO : Validate: validateUserCanAddEducation
2025-02-28 12:29:53 [main] INFO : Starting test: validateUserCanCreateAnAccount
2025-02-28 12:29:56 [main] INFO : Validate: validateUserCanCreateAnAccount
2025-02-28 12:30:00 [main] INFO : Starting test: validateUserCanLogout
2025-02-28 12:30:21 [main] INFO : Validate: validateUserCanLogout
2025-02-28 12:30:24 [main] INFO : Starting test: validateUserCanResetPwd
2025-02-28 12:30:41 [main] INFO : Validate: validateUserCanResetPwd
2025-02-28 12:30:43 [main] INFO : Starting test: validateUserCanUpdateExperience
2025-02-28 12:30:51 [main] INFO : Validate: validateUserCanUpdateExperience
2025-02-28 12:30:56 [main] INFO : Starting test: validateUserCanUpdateSkills
2025-02-28 12:30:57 [main] INFO : Validate: validateUserCanUpdateSkills
